[06Jul2025 00:01:25.718] [Server thread/INFO] [net.minecraft.server.MinecraftServer/]: [Not Secure] <Calamar892> de chill dice
[06Jul2025 00:01:36.044] [Server thread/INFO] [net.minecraft.server.MinecraftServer/]: [Not Secure] <Calamar892> por lo que tuvimos que pasar nosotros
[06Jul2025 00:02:01.595] [Server thread/INFO] [net.minecraft.server.MinecraftServer/]: Josue3234YT has made the advancement [Stone Age]
[06Jul2025 00:02:25.047] [Server thread/INFO] [net.minecraft.server.MinecraftServer/]: [Not Secure] <Calamar892> tengo un hechizo de cura
[06Jul2025 00:03:09.819] [Server thread/INFO] [net.minecraft.server.MinecraftServer/]: Josue3234YT has made the advancement [Getting an Upgrade]
[06Jul2025 00:04:02.370] [Server thread/INFO] [net.minecraft.server.MinecraftServer/]: [Not Secure] <Calamar892> si
[06Jul2025 00:04:58.546] [Server thread/INFO] [net.minecraft.server.MinecraftServer/]: [Not Secure] <Calamar892> lo peor es que esta lloviendo por culpa ed nosotros
[06Jul2025 00:05:16.545] [Server thread/INFO] [net.minecraft.server.MinecraftServer/]: [Not Secure] <Calamar892> si
[06Jul2025 00:05:56.843] [Server thread/INFO] [net.minecraft.server.MinecraftServer/]: Calamar892 was shot by Missionary
[06Jul2025 00:06:04.105] [Server thread/INFO] [net.minecraft.server.MinecraftServer/]: [Not Secure] <Calamar892> me dio un guau guau
[06Jul2025 00:08:02.893] [Server thread/INFO] [net.minecraft.server.MinecraftServer/]: [Not Secure] <Calamar892> josue ven
[06Jul2025 00:08:04.947] [Server thread/INFO] [net.minecraft.server.MinecraftServer/]: [Not Secure] <Calamar892> o te violan
[06Jul2025 00:08:22.218] [Server thread/INFO] [net.minecraft.server.MinecraftServer/]: [Not Secure] <Calamar892> bueno vamos a ver que tan chill va a estar proden
[06Jul2025 00:08:42.374] [Server thread/INFO] [net.minecraft.server.MinecraftServer/]: PrincessAuge has completed the challenge [Hero of the Village]
[06Jul2025 00:08:42.375] [Server thread/INFO] [net.minecraft.server.MinecraftServer/]: Calamar892 has completed the challenge [Hero of the Village]
[06Jul2025 00:08:56.545] [Server thread/INFO] [net.minecraft.server.MinecraftServer/]: [Not Secure] <Calamar892> dame a ver
[06Jul2025 00:09:06.964] [Server thread/INFO] [net.minecraft.server.MinecraftServer/]: Josue3234YT has made the advancement [Monster Hunter]
[06Jul2025 00:09:33.749] [Server thread/INFO] [net.minecraft.server.MinecraftServer/]: [Not Secure] <Calamar892> mira
[06Jul2025 00:09:35.303] [Server thread/INFO] [net.minecraft.server.MinecraftServer/]: [Not Secure] <Calamar892> proden
[06Jul2025 00:09:37.463] [Server thread/INFO] [net.minecraft.server.MinecraftServer/]: [Not Secure] <Calamar892> no
[06Jul2025 00:09:39.913] [Server thread/INFO] [net.minecraft.server.MinecraftServer/]: [Not Secure] <Calamar892> proden
[06Jul2025 00:09:55.504] [Server thread/INFO] [net.minecraft.server.MinecraftServer/]: [Not Secure] <Calamar892> creo que se que es proden
[06Jul2025 00:10:05.196] [Server thread/INFO] [net.minecraft.server.MinecraftServer/]: [Not Secure] <Calamar892> ya sabes no?
[06Jul2025 00:10:19.647] [Server thread/INFO] [net.minecraft.server.MinecraftServer/]: [Not Secure] <Calamar892> son las runas de antes proden
[06Jul2025 00:10:23.249] [Server thread/INFO] [net.minecraft.server.MinecraftServer/]: [Not Secure] <Calamar892> pero te dio otra aparte
[06Jul2025 00:10:26.648] [Server thread/INFO] [net.minecraft.server.MinecraftServer/]: [Not Secure] <Calamar892> una es la de fuerza
[06Jul2025 00:10:31.252] [Server thread/INFO] [net.minecraft.server.MinecraftServer/]: [Not Secure] <Calamar892> la otra de velocidad creo
[06Jul2025 00:10:42.651] [Server thread/INFO] [net.minecraft.server.MinecraftServer/]: [Not Secure] <Calamar892> las puedes usar para darte esos bufos
[06Jul2025 00:11:54.952] [Server thread/INFO] [net.minecraft.server.MinecraftServer/]: Josue3234YT was shot by Bonescaller
[06Jul2025 00:14:30.216] [Server thread/INFO] [net.minecraft.server.MinecraftServer/]: Calamar892 has made the advancement [Junior Summoner]
[06Jul2025 00:15:02.587] [Server thread/INFO] [net.minecraft.server.MinecraftServer/]: Josue3234YT was slain by Crocodile
[06Jul2025 00:19:01.600] [Server thread/INFO] [net.minecraft.world.entity.npc.Villager/]: Villager Villager['Villager'/90761, l='ServerLevel[world]', x=-784.75, y=76.00, z=-27.62] died, message: 'Villager was incinerated by Fire Dragon'
[06Jul2025 00:19:06.443] [Server thread/INFO] [net.minecraft.world.entity.npc.Villager/]: Villager Villager['Villager'/90683, l='ServerLevel[world]', x=-799.48, y=79.00, z=-44.90] died, message: 'Villager was slain by Fire Dragon'
[06Jul2025 00:19:31.299] [Server thread/INFO] [net.minecraft.world.entity.npc.Villager/]: Villager Villager['Fisherman'/91265, l='ServerLevel[world]', x=-898.30, y=80.00, z=42.50] died, message: 'Fisherman went up in flames'
[06Jul2025 00:24:31.453] [Server thread/INFO] [net.minecraft.server.MinecraftServer/]: [Not Secure] <Josue3234YT> [x:-287, y:83, z:341, dim:minecraft:overworld]
[06Jul2025 00:28:20.621] [Server thread/INFO] [net.minecraft.server.MinecraftServer/]: Josue3234YT has made the advancement [Crops of the Wild]
[06Jul2025 00:28:24.800] [Server thread/INFO] [net.minecraft.server.MinecraftServer/]: Josue3234YT has made the advancement [Sweet Dreams]
[06Jul2025 00:34:38.000] [Server thread/INFO] [net.minecraft.server.MinecraftServer/]: Josue3234YT has made the advancement [Acquire Hardware]
[06Jul2025 00:36:48.542] [Server thread/INFO] [net.minecraft.server.MinecraftServer/]: PrincessAuge has made the advancement [The Journey Begins]
[06Jul2025 00:36:53.041] [Server thread/INFO] [com.github.alexmodguy.alexscaves.AlexsCaves/]: Found alexscaves:forlorn_hollows at -3899 -56 5227 in 1s
[06Jul2025 00:44:51.878] [Server thread/WARN] [net.minecraft.world.level.entity.PersistentEntitySectionManager/]: UUID of added entity already exists: FallingBlockEntity['Falling Sand'/105326, l='ServerLevel[world]', x=-1031.50, y=42.00, z=1168.50]
